<?xml version="1.0" encoding="UTF-8"?>
<!-- Generated by org.testng.reporters.JUnitReportReporter -->
<testsuite skipped="0" hostname="DESKTOP-L662BJ1" name="tests.Tests" tests="1" failures="0" timestamp="18 sep 2022 22:57:41 GMT" time="32.621" errors="0">
  <testcase name="pruebaUno" time="32.621" classname="tests.Tests"/>
</testsuite> <!-- tests.Tests -->
